<?xml version="1.0" encoding="UTF-8"?>
<!-- Generated by org.testng.reporters.JUnitReportReporter -->
<testsuite hostname="ENDAUTOPkMcmZY0" failures="0" tests="1" name="com.demoqa.tests.FormsTests" time="9.143" errors="0" timestamp="2025-05-19T12:48:42 EEST" skipped="0">
  <testcase classname="com.demoqa.tests.FormsTests" name="allForms" time="9.143"/>
</testsuite> <!-- com.demoqa.tests.FormsTests -->
