<?xml version="1.0" encoding="UTF-8"?>
<!-- Generated by org.testng.reporters.JUnitReportReporter -->
<testsuite hostname="ENDAUTOPkMcmZY0" failures="0" tests="1" name="com.demoqa.tests.BrowserWindowsTabsTests" time="3.650" errors="0" timestamp="2025-06-20T12:56:04 EEST" skipped="0">
  <testcase classname="com.demoqa.tests.BrowserWindowsTabsTests" name="browserWindowsTabsTests" time="3.650"/>
</testsuite> <!-- com.demoqa.tests.BrowserWindowsTabsTests -->
