<?xml version="1.0" encoding="UTF-8"?>
<!-- Generated by org.testng.reporters.JUnitReportReporter -->
<testsuite hostname="ENDAUTOPkMcmZY0" failures="0" tests="1" name="com.demoqa.tests.AlertsTests" time="9.223" errors="0" timestamp="2025-06-20T12:56:04 EEST" skipped="0">
  <testcase classname="com.demoqa.tests.AlertsTests" name="allAlerts" time="9.223"/>
</testsuite> <!-- com.demoqa.tests.AlertsTests -->
